[20:25:12] [main/INFO] (FabricLoader/GameProvider) Loading for game Minecraft 1.17.1
[20:25:13] [main/INFO] (FabricLoader) Loading 50 mods:
	- alchemicalwonders 1.0.0
	- fabric 0.41.0+1.17
	- fabric-api-base 0.3.0+a02b446318
	- fabric-api-lookup-api-v1 1.3.0+cbda931818
	- fabric-biome-api-v1 3.2.0+cbda931818
	- fabric-blockrenderlayer-v1 1.1.5+a02b446318
	- fabric-command-api-v1 1.1.3+5ab9934c18
	- fabric-commands-v0 0.2.2+92519afa18
	- fabric-containers-v0 0.1.12+cbda931818
	- fabric-content-registries-v0 0.3.0+cbda931818
	- fabric-crash-report-info-v1 0.1.5+be9da31018
	- fabric-dimensions-v1 2.0.11+6cefd57718
	- fabric-entity-events-v1 1.3.0+57bef5a318
	- fabric-events-interaction-v0 0.4.10+fc40aa9d18
	- fabric-events-lifecycle-v0 0.2.1+92519afa18
	- fabric-game-rule-api-v1 1.0.7+cbda931818
	- fabric-gametest-api-v1 1.0.1+1bbccc7e18
	- fabric-item-api-v1 1.2.4+cbda931818
	- fabric-item-groups-v0 0.2.10+b7ab612118
	- fabric-key-binding-api-v1 1.0.4+cbda931818
	- fabric-keybindings-v0 0.2.2+36b77c3e18
	- fabric-lifecycle-events-v1 1.4.4+a02b446318
	- fabric-loot-tables-v1 1.0.4+a02b446318
	- fabric-mining-levels-v0 0.1.3+92519afa18
	- fabric-models-v0 0.3.0+a02b446318
	- fabric-networking-api-v1 1.0.13+cbda931818
	- fabric-networking-blockentity-v0 0.2.11+a02b446318
	- fabric-networking-v0 0.3.2+92519afa18
	- fabric-object-builder-api-v1 1.10.9+cbda931818
	- fabric-object-builders-v0 0.7.3+a02b446318
	- fabric-particles-v1 0.2.4+a02b446318
	- fabric-registry-sync-v0 0.7.11+7931163218
	- fabric-renderer-api-v1 0.4.4+cbda931818
	- fabric-renderer-indigo 0.4.8+cbda931818
	- fabric-renderer-registries-v1 3.2.4+7931163218
	- fabric-rendering-data-attachment-v1 0.1.5+a02b446318
	- fabric-rendering-fluids-v1 0.1.14+4658223018
	- fabric-rendering-v0 1.1.5+7931163218
	- fabric-rendering-v1 1.9.0+7931163218
	- fabric-resource-loader-v0 0.4.8+a00e834b18
	- fabric-screen-api-v1 1.0.4+cbda931818
	- fabric-screen-handler-api-v1 1.1.8+cbda931818
	- fabric-structure-api-v1 1.1.13+5ab9934c18
	- fabric-tag-extensions-v0 1.2.1+b06cb95b18
	- fabric-textures-v0 1.0.6+a02b446318
	- fabric-tool-attribute-api-v1 1.2.12+b7ab612118
	- fabric-transfer-api-v1 1.4.0+7931163218
	- fabricloader 0.12.2
	- java 16
	- minecraft 1.17.1
[20:25:14] [main/INFO] (FabricLoader/Mixin) SpongePowered MIXIN Subsystem Version=0.8.4 Source=file:/C:/Users/Exo/.gradle/caches/modules-2/files-2.1/net.fabricmc/sponge-mixin/0.10.3+mixin.0.8.4/7789d194ffcc607a1eeac6d8514d8f55d11ff71b/sponge-mixin-0.10.3+mixin.0.8.4.jar Service=Knot/Fabric Env=CLIENT
[20:25:14] [main/INFO] (FabricLoader/Mixin) Loaded Fabric development mappings for mixin remapper!
[20:25:14] [main/INFO] (FabricLoader/Mixin) Compatibility level set to JAVA_16
[20:25:18] [main/WARN] (FileUtil) Configuration conflict: there is more than one oshi.properties file on the classpath
[20:25:19] [main/WARN] (FileUtil) Configuration conflict: there is more than one oshi.architecture.properties file on the classpath
[20:25:34] [Render thread/INFO] (Minecraft) Environment: authHost='https://authserver.mojang.com', accountsHost='https://api.mojang.com', sessionHost='https://sessionserver.mojang.com', servicesHost='https://api.minecraftservices.com', name='PROD'
[20:25:36] [Render thread/ERROR] (Minecraft) Failed to verify authentication
com.mojang.authlib.exceptions.InvalidCredentialsException: Status: 401
	at com.mojang.authlib.exceptions.MinecraftClientHttpException.toAuthenticationException(MinecraftClientHttpException.java:56) ~[authlib-2.3.31.jar:?]
	at com.mojang.authlib.yggdrasil.YggdrasilSocialInteractionsService.checkPrivileges(YggdrasilSocialInteractionsService.java:112) ~[authlib-2.3.31.jar:?]
	at com.mojang.authlib.yggdrasil.YggdrasilSocialInteractionsService.<init>(YggdrasilSocialInteractionsService.java:42) ~[authlib-2.3.31.jar:?]
	at com.mojang.authlib.yggdrasil.YggdrasilAuthenticationService.createSocialInteractionsService(YggdrasilAuthenticationService.java:151) ~[authlib-2.3.31.jar:?]
	at net.minecraft.client.MinecraftClient.createSocialInteractionsService(MinecraftClient.java:683) [minecraft-mapped.jar:?]
	at net.minecraft.client.MinecraftClient.<init>(MinecraftClient.java:496) [minecraft-mapped.jar:?]
	at net.minecraft.client.main.Main.main(Main.java:153) [minecraft-mapped.jar:?]
	at jdk.internal.reflect.NativeMethodAccessorImpl.invoke0(Native Method) ~[?:?]
	at jdk.internal.reflect.NativeMethodAccessorImpl.invoke(NativeMethodAccessorImpl.java:78) ~[?:?]
	at jdk.internal.reflect.DelegatingMethodAccessorImpl.invoke(DelegatingMethodAccessorImpl.java:43) ~[?:?]
	at java.lang.reflect.Method.invoke(Method.java:567) ~[?:?]
	at net.fabricmc.loader.impl.game.minecraft.MinecraftGameProvider.launch(MinecraftGameProvider.java:568) [fabric-loader-0.12.2.jar:?]
	at net.fabricmc.loader.impl.launch.knot.Knot.launch(Knot.java:74) [fabric-loader-0.12.2.jar:?]
	at net.fabricmc.loader.impl.launch.knot.KnotClient.main(KnotClient.java:23) [fabric-loader-0.12.2.jar:?]
	at net.fabricmc.devlaunchinjector.Main.main(Main.java:86) [dev-launch-injector-0.2.1+build.8.jar:?]
Caused by: com.mojang.authlib.exceptions.MinecraftClientHttpException: Status: 401
	at com.mojang.authlib.minecraft.client.MinecraftClient.readInputStream(MinecraftClient.java:77) ~[authlib-2.3.31.jar:?]
	at com.mojang.authlib.minecraft.client.MinecraftClient.get(MinecraftClient.java:47) ~[authlib-2.3.31.jar:?]
	at com.mojang.authlib.yggdrasil.YggdrasilSocialInteractionsService.checkPrivileges(YggdrasilSocialInteractionsService.java:104) ~[authlib-2.3.31.jar:?]
	... 13 more
[20:25:36] [Render thread/INFO] (Minecraft) Setting user: Player240
[20:25:37] [Render thread/WARN] (FabricLoader/Mixin) @Inject(@At("INVOKE")) Shift.BY=3 on fabric-lifecycle-events-v1.mixins.json:client.WorldChunkMixin::handler$zgk000$onLoadBlockEntity exceeds the maximum allowed value: 0. Increase the value of maxShiftBy to suppress this warning.
[20:25:37] [Render thread/INFO] (Indigo) [Indigo] Registering Indigo renderer!
[20:25:38] [Render thread/INFO] (Minecraft) Backend library: LWJGL version 3.2.2 build 10
[20:25:42] [Render thread/INFO] (Minecraft) Narrator library for x64 successfully loaded
[20:25:42] [Render thread/INFO] (Minecraft) Reloading ResourceManager: Default, Fabric Mods (Fabric Screen API (v1), Fabric Tag Extensions (v0), Fabric Networking API (v1), Fabric Command API (v1), Fabric Key Bindings (v0), Fabric Structure API (v1), Fabric Events Interaction (v0), Fabric API Lookup API (v1), Fabric Item Groups (v0), Fabric Particles (v1), Fabric Registry Sync (v0), Fabric Networking (v0), Fabric Rendering Data Attachment (v1), Fabric Rendering Fluids (v1), Fabric Screen Handler API (v1), Fabric API, Fabric Resource Loader (v0), Fabric Renderer Registries (v1), Fabric Tool Attribute API (v1), Fabric API Base, Fabric BlockRenderLayer Registration (v1), Fabric Containers (v0), Fabric Models (v0), Fabric Rendering (v1), Fabric Loot Tables (v1), Fabric Renderer - Indigo, Fabric Rendering (v0), Fabric Loader, Alchemical Wonders, Fabric Game Test API (v1), Fabric Textures (v0), Fabric Game Rule API (v1), Fabric Renderer API (v1), Fabric Key Binding API (v1), Fabric Networking Block Entity (v0), Fabric Biome API (v1), Fabric Events Lifecycle (v0), Fabric Lifecycle Events (v1), Fabric Transfer API (v1), Fabric Object Builder API (v1), Fabric Content Registries (v0), Fabric Dimensions API (v1), Fabric Object Builders (v0), Fabric Crash Report Info (v1), Fabric Entity Events (v1), Fabric Item API (v1), Fabric Commands (v0), Fabric Mining Levels (v0))
[20:25:43] [Realms Notification Availability checker #1/INFO] (Minecraft) Could not authorize you against Realms server: Invalid session id
[20:25:50] [Render thread/INFO] (Minecraft) OpenAL initialized.
[20:25:50] [Render thread/INFO] (Minecraft) Sound engine started
[20:25:51] [Render thread/INFO] (Minecraft) Created: 1024x1024x4 minecraft:textures/atlas/blocks.png-atlas
[20:26:54] [Render thread/INFO] (Minecraft) Created: 256x128x4 minecraft:textures/atlas/signs.png-atlas
[20:26:54] [Render thread/INFO] (Minecraft) Created: 1024x512x4 minecraft:textures/atlas/banner_patterns.png-atlas
[20:26:55] [Render thread/INFO] (Minecraft) Created: 1024x512x4 minecraft:textures/atlas/shield_patterns.png-atlas
[20:26:56] [Render thread/INFO] (Minecraft) Created: 256x256x4 minecraft:textures/atlas/chest.png-atlas
[20:26:56] [Render thread/INFO] (Minecraft) Created: 512x256x4 minecraft:textures/atlas/beds.png-atlas
[20:26:56] [Render thread/INFO] (Minecraft) Created: 512x256x4 minecraft:textures/atlas/shulker_boxes.png-atlas
[20:27:00] [Render thread/INFO] (Minecraft) Created: 256x256x0 minecraft:textures/atlas/particles.png-atlas
[20:27:00] [Render thread/INFO] (Minecraft) Created: 256x256x0 minecraft:textures/atlas/paintings.png-atlas
[20:27:00] [Render thread/INFO] (Minecraft) Created: 256x128x0 minecraft:textures/atlas/mob_effects.png-atlas
[20:27:43] [Render thread/WARN] (Minecraft) Ambiguity between arguments [teleport, location] and [teleport, destination] with inputs: [0.1 -0.5 .9, 0 0 0]
[20:27:43] [Render thread/WARN] (Minecraft) Ambiguity between arguments [teleport, location] and [teleport, targets] with inputs: [0.1 -0.5 .9, 0 0 0]
[20:27:43] [Render thread/WARN] (Minecraft) Ambiguity between arguments [teleport, destination] and [teleport, targets] with inputs: [Player, 0123, @e, dd12be42-52a9-4a91-a8a1-11c01849e498]
[20:27:43] [Render thread/WARN] (Minecraft) Ambiguity between arguments [teleport, targets] and [teleport, destination] with inputs: [Player, 0123, dd12be42-52a9-4a91-a8a1-11c01849e498]
[20:27:43] [Render thread/WARN] (Minecraft) Ambiguity between arguments [teleport, targets, location] and [teleport, targets, destination] with inputs: [0.1 -0.5 .9, 0 0 0]
[20:27:43] [Render thread/INFO] (Minecraft) Reloading ResourceManager: Default, Fabric Mods (Fabric Tool Attribute API (v1), Fabric Game Test API (v1))
[20:27:43] [Render thread/INFO] (Minecraft) Loaded 7 recipes
[20:27:44] [Render thread/INFO] (Minecraft) Loaded 1137 advancements
[20:27:44] [Render thread/INFO] (BiomeModificationImpl) Applied 0 biome modifications to 0 of 81 new biomes in 4.738 ms
[20:27:45] [Render thread/INFO] (Minecraft) Environment: authHost='https://authserver.mojang.com', accountsHost='https://api.mojang.com', sessionHost='https://sessionserver.mojang.com', servicesHost='https://api.minecraftservices.com', name='PROD'
[20:27:46] [Server thread/INFO] (Minecraft) Starting integrated minecraft server version 1.17.1
[20:27:46] [Server thread/INFO] (Minecraft) Generating keypair
[20:27:46] [Server thread/INFO] (Minecraft) Preparing start region for dimension minecraft:overworld
[20:27:47] [Render thread/INFO] (Minecraft) Preparing spawn area: 0%
[20:27:47] [Render thread/INFO] (Minecraft) Preparing spawn area: 0%
[20:27:47] [Render thread/INFO] (Minecraft) Preparing spawn area: 0%
[20:27:48] [Render thread/INFO] (Minecraft) Preparing spawn area: 0%
[20:27:48] [Render thread/INFO] (Minecraft) Preparing spawn area: 4%
[20:27:49] [Render thread/INFO] (Minecraft) Preparing spawn area: 7%
[20:27:49] [Render thread/INFO] (Minecraft) Preparing spawn area: 56%
[20:27:50] [Render thread/INFO] (Minecraft) Preparing spawn area: 84%
[20:27:50] [Render thread/INFO] (Minecraft) Preparing spawn area: 89%
[20:27:51] [Render thread/INFO] (Minecraft) Time elapsed: 4695 ms
[20:27:51] [Server thread/INFO] (Minecraft) Changing view distance to 11, from 10
[20:27:52] [Server thread/INFO] (Minecraft) Player240[local:E:b6bc551b] logged in with entity id 16 at (64.593501757651, 4.0, 0.8224447852093938)
[20:27:52] [Server thread/INFO] (Minecraft) Player240 joined the game
[20:27:54] [Server thread/INFO] (Minecraft) Saving and pausing game...
[20:27:54] [Server thread/INFO] (Minecraft) Saving chunks for level 'ServerLevel[New World]'/minecraft:overworld
[20:27:54] [Server thread/INFO] (Minecraft) Saving chunks for level 'ServerLevel[New World]'/minecraft:the_nether
[20:27:54] [Server thread/INFO] (Minecraft) Saving chunks for level 'ServerLevel[New World]'/minecraft:the_end
[20:27:54] [Render thread/INFO] (Minecraft) Loaded 0 advancements
[20:29:57] [Render thread/INFO] (Minecraft) Stopping!
[20:29:57] [Server thread/INFO] (Minecraft) Player240 lost connection: Disconnected
[20:29:57] [Server thread/INFO] (Minecraft) Player240 left the game
[20:29:57] [Server thread/INFO] (Minecraft) Stopping singleplayer server as player logged out
[20:29:57] [Server thread/INFO] (Minecraft) Stopping server
[20:29:57] [Server thread/INFO] (Minecraft) Saving players
[20:29:57] [Server thread/INFO] (Minecraft) Saving worlds
[20:29:57] [Server thread/INFO] (Minecraft) Saving chunks for level 'ServerLevel[New World]'/minecraft:overworld
[20:29:57] [Server thread/INFO] (Minecraft) Saving chunks for level 'ServerLevel[New World]'/minecraft:the_nether
[20:29:57] [Server thread/INFO] (Minecraft) Saving chunks for level 'ServerLevel[New World]'/minecraft:the_end
[20:29:57] [Server thread/INFO] (Minecraft) ThreadedAnvilChunkStorage (New World): All chunks are saved
[20:29:57] [Server thread/INFO] (Minecraft) ThreadedAnvilChunkStorage (DIM-1): All chunks are saved
[20:29:57] [Server thread/INFO] (Minecraft) ThreadedAnvilChunkStorage (DIM1): All chunks are saved
[20:29:57] [Server thread/INFO] (Minecraft) ThreadedAnvilChunkStorage: All dimensions are saved
